<?xml version="1.0" encoding="UTF-8"?>
<!-- Generated by org.testng.reporters.JUnitReportReporter -->
<testsuite skipped="14" hostname="An_Phong" name="com.testSelenuim.testRegisterCustomerExcel" tests="53" failures="0" timestamp="2019-10-15T15:15:25 ICT" time="355.393" errors="2">
  <testcase name="f" time="9.454" classname="com.testSelenuim.testRegisterCustomerExcel"/>
  <testcase name="f" time="8.675" classname="com.testSelenuim.testRegisterCustomerExcel"/>
  <testcase name="f" time="10.777" classname="com.testSelenuim.testRegisterCustomerExcel"/>
  <testcase name="f" time="8.424" classname="com.testSelenuim.testRegisterCustomerExcel"/>
  <testcase name="f" time="5.484" classname="com.testSelenuim.testRegisterCustomerExcel">
    <skipped/>
  </testcase> <!-- f -->
  <testcase name="f" time="8.693" classname="com.testSelenuim.testRegisterCustomerExcel"/>
  <testcase name="f" time="8.612" classname="com.testSelenuim.testRegisterCustomerExcel"/>
  <testcase name="f" time="9.222" classname="com.testSelenuim.testRegisterCustomerExcel"/>
  <testcase name="f" time="4.897" classname="com.testSelenuim.testRegisterCustomerExcel">
    <skipped/>
  </testcase> <!-- f -->
  <testcase name="f" time="8.994" classname="com.testSelenuim.testRegisterCustomerExcel"/>
  <testcase name="f" time="5.361" classname="com.testSelenuim.testRegisterCustomerExcel">
    <skipped/>
  </testcase> <!-- f -->
  <testcase name="f" time="9.009" classname="com.testSelenuim.testRegisterCustomerExcel"/>
  <testcase name="f" time="9.285" classname="com.testSelenuim.testRegisterCustomerExcel"/>
  <testcase name="f" time="9.501" classname="com.testSelenuim.testRegisterCustomerExcel"/>
  <testcase name="f" time="8.921" classname="com.testSelenuim.testRegisterCustomerExcel"/>
  <testcase name="f" time="16.102" classname="com.testSelenuim.testRegisterCustomerExcel">
    <error type="org.openqa.selenium.WebDriverException" message="chrome not reachable
  (Session info: chrome=77.0.3865.120)
Build info: version: &#039;3.141.59&#039;, revision: &#039;e82be7d358&#039;, time: &#039;2018-11-14T08:25:48&#039;
System info: host: &#039;AN_PHONG&#039;, ip: &#039;192.168.1.20&#039;, os.name: &#039;Windows 10&#039;, os.arch: &#039;amd64&#039;, os.version: &#039;10.0&#039;, java.version: &#039;1.8.0_111&#039;
Driver info: org.openqa.selenium.chrome.ChromeDriver
Capabilities {acceptInsecureCerts: false, browserName: chrome, browserVersion: 77.0.3865.120, chrome: {chromedriverVersion: 77.0.3865.40 (f484704e052e0..., userDataDir: C:\Users\Win\AppData\Local\...}, goog:chromeOptions: {debuggerAddress: localhost:60891}, javascriptEnabled: true, networkConnectionEnabled: false, pageLoadStrategy: normal, platform: XP, platformName: XP, proxy: Proxy(), setWindowRect: true, strictFileInteractability: false, timeouts: {implicit: 0, pageLoad: 300000, script: 30000}, unhandledPromptBehavior: dismiss and notify}
Session ID: 7a1da241a61869e7f04d882a4fb5e757
*** Element info: {Using=xpath, value=//button[@class=&#039;btn btn-success&#039;]}">
      <![CDATA[org.openqa.selenium.WebDriverException: chrome not reachable
  (Session info: chrome=77.0.3865.120)
Build info: version: '3.141.59', revision: 'e82be7d358', time: '2018-11-14T08:25:48'
System info: host: 'AN_PHONG', ip: '192.168.1.20', os.name: 'Windows 10', os.arch: 'amd64', os.version: '10.0', java.version: '1.8.0_111'
Driver info: org.openqa.selenium.chrome.ChromeDriver
Capabilities {acceptInsecureCerts: false, browserName: chrome, browserVersion: 77.0.3865.120, chrome: {chromedriverVersion: 77.0.3865.40 (f484704e052e0..., userDataDir: C:\Users\Win\AppData\Local\...}, goog:chromeOptions: {debuggerAddress: localhost:60891}, javascriptEnabled: true, networkConnectionEnabled: false, pageLoadStrategy: normal, platform: XP, platformName: XP, proxy: Proxy(), setWindowRect: true, strictFileInteractability: false, timeouts: {implicit: 0, pageLoad: 300000, script: 30000}, unhandledPromptBehavior: dismiss and notify}
Session ID: 7a1da241a61869e7f04d882a4fb5e757
*** Element info: {Using=xpath, value=//button[@class='btn btn-success']}
at sun.reflect.NativeConstructorAccessorImpl.newInstance0(Native Method)
at sun.reflect.NativeConstructorAccessorImpl.newInstance(Unknown Source)
at sun.reflect.DelegatingConstructorAccessorImpl.newInstance(Unknown Source)
at java.lang.reflect.Constructor.newInstance(Unknown Source)
at org.openqa.selenium.remote.http.W3CHttpResponseCodec.createException(W3CHttpResponseCodec.java:187)
at org.openqa.selenium.remote.http.W3CHttpResponseCodec.decode(W3CHttpResponseCodec.java:122)
at org.openqa.selenium.remote.http.W3CHttpResponseCodec.decode(W3CHttpResponseCodec.java:49)
at org.openqa.selenium.remote.HttpCommandExecutor.execute(HttpCommandExecutor.java:158)
at org.openqa.selenium.remote.service.DriverCommandExecutor.execute(DriverCommandExecutor.java:83)
at org.openqa.selenium.remote.RemoteWebDriver.execute(RemoteWebDriver.java:552)
at org.openqa.selenium.remote.RemoteWebDriver.findElement(RemoteWebDriver.java:323)
at org.openqa.selenium.remote.RemoteWebDriver.findElementByXPath(RemoteWebDriver.java:428)
at org.openqa.selenium.By$ByXPath.findElement(By.java:353)
at org.openqa.selenium.remote.RemoteWebDriver.findElement(RemoteWebDriver.java:315)
at com.testSelenuim.testRegisterCustomerExcel.f(testRegisterCustomerExcel.java:57)
at sun.reflect.GeneratedMethodAccessor2.invoke(Unknown Source)
at sun.reflect.DelegatingMethodAccessorImpl.invoke(Unknown Source)
at java.lang.reflect.Method.invoke(Unknown Source)
at org.testng.internal.MethodInvocationHelper.invokeMethod(MethodInvocationHelper.java:133)
at org.testng.internal.TestInvoker.invokeMethod(TestInvoker.java:584)
at org.testng.internal.TestInvoker.invokeTestMethod(TestInvoker.java:172)
at org.testng.internal.MethodRunner.runInSequence(MethodRunner.java:46)
at org.testng.internal.TestInvoker$MethodInvocationAgent.invoke(TestInvoker.java:804)
at org.testng.internal.TestInvoker.invokeTestMethods(TestInvoker.java:145)
at org.testng.internal.TestMethodWorker.invokeTestMethods(TestMethodWorker.java:146)
at org.testng.internal.TestMethodWorker.run(TestMethodWorker.java:128)
at java.util.ArrayList.forEach(Unknown Source)
at org.testng.TestRunner.privateRun(TestRunner.java:770)
at org.testng.TestRunner.run(TestRunner.java:591)
at org.testng.SuiteRunner.runTest(SuiteRunner.java:402)
at org.testng.SuiteRunner.runSequentially(SuiteRunner.java:396)
at org.testng.SuiteRunner.privateRun(SuiteRunner.java:355)
at org.testng.SuiteRunner.run(SuiteRunner.java:304)
at org.testng.SuiteRunnerWorker.runSuite(SuiteRunnerWorker.java:53)
at org.testng.SuiteRunnerWorker.run(SuiteRunnerWorker.java:96)
at org.testng.TestNG.runSuitesSequentially(TestNG.java:1180)
at org.testng.TestNG.runSuitesLocally(TestNG.java:1102)
at org.testng.TestNG.runSuites(TestNG.java:1032)
at org.testng.TestNG.run(TestNG.java:1000)
at org.testng.remote.AbstractRemoteTestNG.run(AbstractRemoteTestNG.java:115)
at org.testng.remote.RemoteTestNG.initAndRun(RemoteTestNG.java:251)
at org.testng.remote.RemoteTestNG.main(RemoteTestNG.java:77)
]]>
    </error>
  </testcase> <!-- f -->
  <testcase name="f" time="9.410" classname="com.testSelenuim.testRegisterCustomerExcel"/>
  <testcase name="f" time="9.452" classname="com.testSelenuim.testRegisterCustomerExcel"/>
  <testcase name="f" time="4.532" classname="com.testSelenuim.testRegisterCustomerExcel">
    <skipped/>
  </testcase> <!-- f -->
  <testcase name="f" time="5.179" classname="com.testSelenuim.testRegisterCustomerExcel">
    <skipped/>
  </testcase> <!-- f -->
  <testcase name="f" time="8.685" classname="com.testSelenuim.testRegisterCustomerExcel"/>
  <testcase name="f" time="8.799" classname="com.testSelenuim.testRegisterCustomerExcel"/>
  <testcase name="f" time="8.605" classname="com.testSelenuim.testRegisterCustomerExcel"/>
  <testcase name="f" time="4.515" classname="com.testSelenuim.testRegisterCustomerExcel">
    <skipped/>
  </testcase> <!-- f -->
  <testcase name="f" time="4.624" classname="com.testSelenuim.testRegisterCustomerExcel">
    <skipped/>
  </testcase> <!-- f -->
  <testcase name="f" time="9.903" classname="com.testSelenuim.testRegisterCustomerExcel"/>
  <testcase name="f" time="9.326" classname="com.testSelenuim.testRegisterCustomerExcel"/>
  <testcase name="f" time="5.210" classname="com.testSelenuim.testRegisterCustomerExcel">
    <skipped/>
  </testcase> <!-- f -->
  <testcase name="f" time="9.337" classname="com.testSelenuim.testRegisterCustomerExcel"/>
  <testcase name="f" time="8.529" classname="com.testSelenuim.testRegisterCustomerExcel"/>
  <testcase name="f" time="5.682" classname="com.testSelenuim.testRegisterCustomerExcel">
    <skipped/>
  </testcase> <!-- f -->
  <testcase name="f" time="8.730" classname="com.testSelenuim.testRegisterCustomerExcel"/>
  <testcase name="f" time="9.226" classname="com.testSelenuim.testRegisterCustomerExcel"/>
  <testcase name="f" time="10.669" classname="com.testSelenuim.testRegisterCustomerExcel"/>
  <testcase name="f" time="9.041" classname="com.testSelenuim.testRegisterCustomerExcel"/>
  <testcase name="f" time="5.144" classname="com.testSelenuim.testRegisterCustomerExcel">
    <skipped/>
  </testcase> <!-- f -->
  <testcase name="afterMethod" time="4.649" classname="com.testSelenuim.testRegisterCustomerExcel">
    <error type="org.openqa.selenium.WebDriverException" message="chrome not reachable
  (Session info: chrome=77.0.3865.120)
Build info: version: &#039;3.141.59&#039;, revision: &#039;e82be7d358&#039;, time: &#039;2018-11-14T08:25:48&#039;
System info: host: &#039;AN_PHONG&#039;, ip: &#039;192.168.1.20&#039;, os.name: &#039;Windows 10&#039;, os.arch: &#039;amd64&#039;, os.version: &#039;10.0&#039;, java.version: &#039;1.8.0_111&#039;
Driver info: org.openqa.selenium.chrome.ChromeDriver
Capabilities {acceptInsecureCerts: false, browserName: chrome, browserVersion: 77.0.3865.120, chrome: {chromedriverVersion: 77.0.3865.40 (f484704e052e0..., userDataDir: C:\Users\Win\AppData\Local\...}, goog:chromeOptions: {debuggerAddress: localhost:60891}, javascriptEnabled: true, networkConnectionEnabled: false, pageLoadStrategy: normal, platform: XP, platformName: XP, proxy: Proxy(), setWindowRect: true, strictFileInteractability: false, timeouts: {implicit: 0, pageLoad: 300000, script: 30000}, unhandledPromptBehavior: dismiss and notify}
Session ID: 7a1da241a61869e7f04d882a4fb5e757">
      <![CDATA[org.openqa.selenium.WebDriverException: chrome not reachable
  (Session info: chrome=77.0.3865.120)
Build info: version: '3.141.59', revision: 'e82be7d358', time: '2018-11-14T08:25:48'
System info: host: 'AN_PHONG', ip: '192.168.1.20', os.name: 'Windows 10', os.arch: 'amd64', os.version: '10.0', java.version: '1.8.0_111'
Driver info: org.openqa.selenium.chrome.ChromeDriver
Capabilities {acceptInsecureCerts: false, browserName: chrome, browserVersion: 77.0.3865.120, chrome: {chromedriverVersion: 77.0.3865.40 (f484704e052e0..., userDataDir: C:\Users\Win\AppData\Local\...}, goog:chromeOptions: {debuggerAddress: localhost:60891}, javascriptEnabled: true, networkConnectionEnabled: false, pageLoadStrategy: normal, platform: XP, platformName: XP, proxy: Proxy(), setWindowRect: true, strictFileInteractability: false, timeouts: {implicit: 0, pageLoad: 300000, script: 30000}, unhandledPromptBehavior: dismiss and notify}
Session ID: 7a1da241a61869e7f04d882a4fb5e757
at sun.reflect.NativeConstructorAccessorImpl.newInstance0(Native Method)
at sun.reflect.NativeConstructorAccessorImpl.newInstance(Unknown Source)
at sun.reflect.DelegatingConstructorAccessorImpl.newInstance(Unknown Source)
at java.lang.reflect.Constructor.newInstance(Unknown Source)
at org.openqa.selenium.remote.http.W3CHttpResponseCodec.createException(W3CHttpResponseCodec.java:187)
at org.openqa.selenium.remote.http.W3CHttpResponseCodec.decode(W3CHttpResponseCodec.java:122)
at org.openqa.selenium.remote.http.W3CHttpResponseCodec.decode(W3CHttpResponseCodec.java:49)
at org.openqa.selenium.remote.HttpCommandExecutor.execute(HttpCommandExecutor.java:158)
at org.openqa.selenium.remote.service.DriverCommandExecutor.execute(DriverCommandExecutor.java:83)
at org.openqa.selenium.remote.RemoteWebDriver.execute(RemoteWebDriver.java:552)
at org.openqa.selenium.remote.RemoteWebDriver.execute(RemoteWebDriver.java:609)
at org.openqa.selenium.remote.RemoteWebDriver.close(RemoteWebDriver.java:442)
at com.testSelenuim.testRegisterCustomerExcel.afterMethod(testRegisterCustomerExcel.java:91)
at sun.reflect.GeneratedMethodAccessor3.invoke(Unknown Source)
at sun.reflect.DelegatingMethodAccessorImpl.invoke(Unknown Source)
at java.lang.reflect.Method.invoke(Unknown Source)
at org.testng.internal.MethodInvocationHelper.invokeMethod(MethodInvocationHelper.java:133)
at org.testng.internal.MethodInvocationHelper.invokeMethodConsideringTimeout(MethodInvocationHelper.java:62)
at org.testng.internal.ConfigInvoker.invokeConfigurationMethod(ConfigInvoker.java:340)
at org.testng.internal.ConfigInvoker.invokeConfigurations(ConfigInvoker.java:294)
at org.testng.internal.TestInvoker.runConfigMethods(TestInvoker.java:683)
at org.testng.internal.TestInvoker.runAfterGroupsConfigurations(TestInvoker.java:658)
at org.testng.internal.TestInvoker.invokeMethod(TestInvoker.java:642)
at org.testng.internal.TestInvoker.invokeTestMethod(TestInvoker.java:172)
at org.testng.internal.MethodRunner.runInSequence(MethodRunner.java:46)
at org.testng.internal.TestInvoker$MethodInvocationAgent.invoke(TestInvoker.java:804)
at org.testng.internal.TestInvoker.invokeTestMethods(TestInvoker.java:145)
at org.testng.internal.TestMethodWorker.invokeTestMethods(TestMethodWorker.java:146)
at org.testng.internal.TestMethodWorker.run(TestMethodWorker.java:128)
at java.util.ArrayList.forEach(Unknown Source)
at org.testng.TestRunner.privateRun(TestRunner.java:770)
at org.testng.TestRunner.run(TestRunner.java:591)
at org.testng.SuiteRunner.runTest(SuiteRunner.java:402)
at org.testng.SuiteRunner.runSequentially(SuiteRunner.java:396)
at org.testng.SuiteRunner.privateRun(SuiteRunner.java:355)
at org.testng.SuiteRunner.run(SuiteRunner.java:304)
at org.testng.SuiteRunnerWorker.runSuite(SuiteRunnerWorker.java:53)
at org.testng.SuiteRunnerWorker.run(SuiteRunnerWorker.java:96)
at org.testng.TestNG.runSuitesSequentially(TestNG.java:1180)
at org.testng.TestNG.runSuitesLocally(TestNG.java:1102)
at org.testng.TestNG.runSuites(TestNG.java:1032)
at org.testng.TestNG.run(TestNG.java:1000)
at org.testng.remote.AbstractRemoteTestNG.run(AbstractRemoteTestNG.java:115)
at org.testng.remote.RemoteTestNG.initAndRun(RemoteTestNG.java:251)
at org.testng.remote.RemoteTestNG.main(RemoteTestNG.java:77)
]]>
    </error>
  </testcase> <!-- afterMethod -->
  <testcase name="f" time="8.702" classname="com.testSelenuim.testRegisterCustomerExcel"/>
  <testcase name="f" time="0.000" classname="com.testSelenuim.testRegisterCustomerExcel">
    <skipped/>
  </testcase> <!-- f -->
  <testcase name="f" time="0.000" classname="com.testSelenuim.testRegisterCustomerExcel">
    <skipped/>
  </testcase> <!-- f -->
  <testcase name="f" time="4.121" classname="com.testSelenuim.testRegisterCustomerExcel"/>
  <testcase name="f" time="3.877" classname="com.testSelenuim.testRegisterCustomerExcel"/>
  <testcase name="f" time="4.159" classname="com.testSelenuim.testRegisterCustomerExcel"/>
  <testcase name="f" time="0.000" classname="com.testSelenuim.testRegisterCustomerExcel">
    <skipped/>
  </testcase> <!-- f -->
  <testcase name="f" time="4.288" classname="com.testSelenuim.testRegisterCustomerExcel"/>
  <testcase name="f" time="0.000" classname="com.testSelenuim.testRegisterCustomerExcel">
    <skipped/>
  </testcase> <!-- f -->
  <testcase name="f" time="4.119" classname="com.testSelenuim.testRegisterCustomerExcel"/>
  <testcase name="f" time="4.102" classname="com.testSelenuim.testRegisterCustomerExcel"/>
  <testcase name="f" time="4.610" classname="com.testSelenuim.testRegisterCustomerExcel"/>
  <testcase name="f" time="4.131" classname="com.testSelenuim.testRegisterCustomerExcel"/>
  <testcase name="f" time="4.543" classname="com.testSelenuim.testRegisterCustomerExcel"/>
  <testcase name="f" time="4.101" classname="com.testSelenuim.testRegisterCustomerExcel"/>
  <testcase name="f" time="3.982" classname="com.testSelenuim.testRegisterCustomerExcel"/>
</testsuite> <!-- com.testSelenuim.testRegisterCustomerExcel -->
